<?xml version="1.0" encoding="UTF-8"?>
<testng-results ignored="0" total="1" passed="1" failed="0" skipped="0">
  <reporter-output>
  </reporter-output>
  <suite started-at="2021-06-29T08:29:58Z" name="Default suite" finished-at="2021-06-29T08:30:05Z" duration-ms="7482">
    <groups>
    </groups>
    <test started-at="2021-06-29T08:29:58Z" name="Default test" finished-at="2021-06-29T08:30:05Z" duration-ms="7482">
      <class name="com.qa.test.testRest">
        <test-method signature="sampleLogin()[pri:0, instance:com.qa.test.testRest@3c3d9b6b]" started-at="2021-06-29T08:29:58Z" name="sampleLogin" finished-at="2021-06-29T08:30:05Z" duration-ms="7429" status="PASS">
          <reporter-output>
          </reporter-output>
        </test-method> <!-- sampleLogin -->
      </class> <!-- com.qa.test.testRest -->
    </test> <!-- Default test -->
  </suite> <!-- Default suite -->
</testng-results>
